2026-06-05 10:34:51.652 | INFO     | __main__:main:1025 - Config loaded: schedule=0 6 * * * | output=data\processed
2026-06-05 10:34:51.652 | INFO     | __main__:run_pipeline:477 - ==================================================
2026-06-05 10:34:51.667 | INFO     | __main__:run_pipeline:478 - Pipeline run STARTED
2026-06-05 10:34:51.668 | INFO     | __main__:run_pipeline:479 - ==================================================
2026-06-05 10:34:51.674 | INFO     | __main__:read:166 - Generated 1,000 synthetic rows (seed=42)
2026-06-05 10:34:51.704 | INFO     | __main__:validate_batch:223 - Validation: 879 valid | 121 errors | 87.9% pass rate
2026-06-05 10:34:51.705 | WARNING  | __main__:validate_batch:231 - Pass rate 87.9% is below threshold 95%
2026-06-05 10:34:51.821 | ERROR    | __main__:run_pipeline:518 - Pipeline FAILED: 'EphemeralDataContext' object has no attribute 'run_validation_definition'
2026-06-05 10:34:51.821 | WARNING  | __main__:send_alert:382 - ALERT -> ops@example.com | Pipeline Failure | 'EphemeralDataContext' object has no attribute 'run_validation_definition'
2026-06-05 10:39:01.780 | INFO     | __main__:main:1139 - Config loaded: schedule=0 6 * * * | output=data\processed
2026-06-05 10:39:01.780 | INFO     | __main__:run_pipeline:479 - ==================================================
2026-06-05 10:39:01.780 | INFO     | __main__:run_pipeline:480 - Pipeline run STARTED
2026-06-05 10:39:01.780 | INFO     | __main__:run_pipeline:481 - ==================================================
2026-06-05 10:39:01.780 | INFO     | __main__:read:168 - Generated 10,000 synthetic rows (seed=42)
2026-06-05 10:39:02.092 | INFO     | __main__:validate_batch:225 - Validation: 8,901 valid | 1,111 errors | 89.0% pass rate
2026-06-05 10:39:02.092 | WARNING  | __main__:validate_batch:233 - Pass rate 89.0% is below threshold 95%
2026-06-05 10:39:02.217 | ERROR    | __main__:run_pipeline:520 - Pipeline FAILED: 'EphemeralDataContext' object has no attribute 'run_validation_definition'
2026-06-05 10:39:02.218 | WARNING  | __main__:send_alert:384 - ALERT -> ops@example.com | Pipeline Failure | 'EphemeralDataContext' object has no attribute 'run_validation_definition'
2026-06-05 10:40:45.495 | INFO     | __main__:main:1191 - Config loaded: schedule=0 6 * * * | output=data\processed
2026-06-05 10:40:45.495 | INFO     | __main__:run_pipeline:531 - ==================================================
2026-06-05 10:40:45.496 | INFO     | __main__:run_pipeline:532 - Pipeline run STARTED
2026-06-05 10:40:45.497 | INFO     | __main__:run_pipeline:533 - ==================================================
2026-06-05 10:40:45.509 | INFO     | __main__:read:168 - Generated 10,000 synthetic rows (seed=42)
2026-06-05 10:40:45.826 | INFO     | __main__:validate_batch:225 - Validation: 8,901 valid | 1,111 errors | 89.0% pass rate
2026-06-05 10:40:45.826 | WARNING  | __main__:validate_batch:233 - Pass rate 89.0% is below threshold 95%
2026-06-05 10:40:45.875 | WARNING  | __main__:build_ge_suite:299 - Great Expectations context does not support run_validation_definition; using pandas expectation checks.
2026-06-05 10:40:45.885 | INFO     | __main__:run_pandas_expectation_suite:280 - Pandas expectation suite: 7/7 checks passed
2026-06-05 10:40:45.935 | INFO     | __main__:run_quality_gate:479 - Quality Gate Results:
2026-06-05 10:40:45.935 | INFO     | __main__:run_quality_gate:482 - PASS null_rate            value=0.0000 threshold=0.05
2026-06-05 10:40:45.936 | INFO     | __main__:run_quality_gate:482 - PASS row_count            value=8901.0000 threshold=100.0
2026-06-05 10:40:45.936 | INFO     | __main__:run_quality_gate:482 - PASS amount_mean          value=99.7625 threshold=100.0
2026-06-05 10:40:45.936 | INFO     | __main__:run_quality_gate:482 - PASS dup_id_rate          value=0.0000 threshold=0.01
2026-06-05 10:40:45.937 | INFO     | __main__:run_quality_gate:482 - PASS amount_z_range       value=4.0224 threshold=5.0
2026-06-05 10:40:45.937 | INFO     | __main__:run_quality_gate:493 - Quality gate PASSED
2026-06-05 10:40:46.420 | INFO     | __main__:store_parquet:511 - Stored 8,901 rows -> data\processed\date=2026-06-05\data.parquet (229.4 KB)
2026-06-05 10:40:47.117 | INFO     | __main__:run_pipeline:568 - Pipeline run SUCCEEDED
2026-06-05 10:40:47.117 | INFO     | __main__:run_pipeline:569 - Stats: {'status': 'success', 'raw_rows': 10000, 'valid_rows': 8901, 'validation_errors': 1111, 'ge_success': True, 'output_path': 'data\\processed\\date=2026-06-05\\data.parquet'}
